[20211031-17:58:06] [CORE ] main: app started pid 22028(0x0000560c)
[20211031-17:58:06] [INFO ] main: DISPLAY env var set to :10.0
[20211031-17:58:06] [INFO ] main: using DISPLAY 10
[20211031-17:58:06] [INFO ] channel_thread_loop: thread start
[20211031-17:58:06] [INFO ] Socket 12: AF_UNIX connection received
[20211031-17:58:06] [INFO ] send_init_response_message:
[20211031-18:10:54] [ERROR] clipboard_event_selection_request: unknown target text/plain;charset=utf-8
[20211031-18:10:54] [ERROR] clipboard_event_selection_request: unknown target COMPOUND_TEXT
[20211031-18:10:54] [ERROR] clipboard_event_selection_request: unknown target text/plain;charset=utf-8
[20211031-18:10:54] [ERROR] clipboard_event_selection_request: unknown target COMPOUND_TEXT
[20211031-18:10:54] [ERROR] clipboard_event_selection_request: unknown target text/x-moz-text-internal
[20211031-18:10:55] [ERROR] clipboard_event_selection_request: unknown target text/plain;charset=utf-8
[20211031-18:10:55] [ERROR] clipboard_event_selection_request: unknown target COMPOUND_TEXT
[20211031-18:10:55] [ERROR] clipboard_event_selection_request: unknown target text/plain;charset=utf-8
[20211031-18:10:55] [ERROR] clipboard_event_selection_request: unknown target COMPOUND_TEXT
[20211031-18:10:55] [ERROR] clipboard_event_selection_request: unknown target text/x-moz-text-internal
[20211031-18:26:23] [ERROR] clipboard_event_selection_request: unknown target text/plain;charset=utf-8
[20211031-18:54:28] [ERROR] clipboard_event_selection_request: unknown target text/x-moz-url
[20211031-18:54:28] [ERROR] clipboard_event_selection_request: unknown target text/plain;charset=utf-8
[20211031-18:54:28] [ERROR] clipboard_event_selection_request: unknown target text/x-moz-url
[20211031-18:54:28] [ERROR] clipboard_event_selection_request: unknown target text/plain;charset=utf-8
[20211031-18:54:28] [ERROR] clipboard_event_selection_request: unknown target text/x-moz-url
[20211031-18:54:28] [ERROR] clipboard_event_selection_request: unknown target text/plain;charset=utf-8
[20211031-18:54:28] [ERROR] clipboard_event_selection_request: unknown target text/x-moz-url
[20211031-18:54:29] [ERROR] clipboard_event_selection_request: unknown target text/plain;charset=utf-8
[20211031-18:54:29] [ERROR] clipboard_event_selection_request: unknown target text/x-moz-url
[20211031-18:54:29] [ERROR] clipboard_event_selection_request: unknown target text/plain;charset=utf-8
[20211031-18:54:29] [ERROR] clipboard_event_selection_request: unknown target text/x-moz-url
[20211031-18:54:29] [ERROR] clipboard_event_selection_request: unknown target text/plain;charset=utf-8
[20211031-18:54:29] [ERROR] clipboard_event_selection_request: unknown target text/x-moz-url
[20211031-18:54:29] [ERROR] clipboard_event_selection_request: unknown target text/plain;charset=utf-8
[20211031-18:54:32] [ERROR] clipboard_event_selection_request: unknown target text/x-moz-url
[20211031-18:54:32] [ERROR] clipboard_event_selection_request: unknown target text/plain;charset=utf-8
[20211031-18:54:35] [ERROR] clipboard_event_selection_request: unknown target text/x-moz-url
[20211031-18:54:35] [ERROR] clipboard_event_selection_request: unknown target text/plain;charset=utf-8
[20211031-18:55:38] [INFO ] channel_thread_loop: trans_check_wait_objs error resetting
[20211031-18:55:41] [INFO ] Socket 12: AF_UNIX connection received
[20211031-18:55:41] [INFO ] send_init_response_message:
[20211031-18:55:45] [INFO ] channel_thread_loop: trans_check_wait_objs error resetting
[20211031-18:55:47] [INFO ] Socket 12: AF_UNIX connection received
[20211031-18:55:47] [INFO ] send_init_response_message:
